0 info it worked if it ends with ok
1 verbose cli [ '/usr/local/bin/node',
1 verbose cli   '/usr/local/lib/node_modules/npm3/node_modules/npm/cli.js',
1 verbose cli   'i',
1 verbose cli   '--save',
1 verbose cli   'react-redux' ]
2 info using npm@3.10.8
3 info using node@v8.4.0
4 silly loadCurrentTree Starting
5 silly install loadCurrentTree
6 silly install readLocalPackageData
7 silly fetchPackageMetaData react-redux
8 silly fetchNamedPackageData react-redux
9 silly mapToRegistry name react-redux
10 silly mapToRegistry using default registry
11 silly mapToRegistry registry https://registry.npmjs.org/
12 silly mapToRegistry data Result {
12 silly mapToRegistry   raw: 'react-redux',
12 silly mapToRegistry   scope: null,
12 silly mapToRegistry   escapedName: 'react-redux',
12 silly mapToRegistry   name: 'react-redux',
12 silly mapToRegistry   rawSpec: '',
12 silly mapToRegistry   spec: 'latest',
12 silly mapToRegistry   type: 'tag' }
13 silly mapToRegistry uri https://registry.npmjs.org/react-redux
14 verbose request uri https://registry.npmjs.org/react-redux
15 verbose request no auth needed
16 info attempt registry request try #1 at 07:15:36
17 verbose request using bearer token for auth
18 verbose request id a5da940770d7a851
19 verbose etag W/"598445cf-2d975"
20 verbose lastModified Fri, 04 Aug 2017 10:00:47 GMT
21 http request GET https://registry.npmjs.org/react-redux
22 http 200 https://registry.npmjs.org/react-redux
23 verbose headers { server: 'nginx/1.10.1',
23 verbose headers   'content-type': 'application/json',
23 verbose headers   'last-modified': 'Thu, 07 Sep 2017 07:05:47 GMT',
23 verbose headers   etag: 'W/"59b0efcb-2eb91"',
23 verbose headers   'content-encoding': 'gzip',
23 verbose headers   'cache-control': 'max-age=300',
23 verbose headers   'transfer-encoding': 'chunked',
23 verbose headers   'accept-ranges': 'bytes',
23 verbose headers   date: 'Thu, 07 Sep 2017 23:15:36 GMT',
23 verbose headers   via: '1.1 varnish',
23 verbose headers   connection: 'keep-alive',
23 verbose headers   'x-served-by': 'cache-nrt6122-NRT',
23 verbose headers   'x-cache': 'MISS',
23 verbose headers   'x-cache-hits': '0',
23 verbose headers   'x-timer': 'S1504826137.764207,VS0,VE167',
23 verbose headers   vary: 'Accept-Encoding, Accept' }
24 silly get cb [ 200,
24 silly get   { server: 'nginx/1.10.1',
24 silly get     'content-type': 'application/json',
24 silly get     'last-modified': 'Thu, 07 Sep 2017 07:05:47 GMT',
24 silly get     etag: 'W/"59b0efcb-2eb91"',
24 silly get     'content-encoding': 'gzip',
24 silly get     'cache-control': 'max-age=300',
24 silly get     'transfer-encoding': 'chunked',
24 silly get     'accept-ranges': 'bytes',
24 silly get     date: 'Thu, 07 Sep 2017 23:15:36 GMT',
24 silly get     via: '1.1 varnish',
24 silly get     connection: 'keep-alive',
24 silly get     'x-served-by': 'cache-nrt6122-NRT',
24 silly get     'x-cache': 'MISS',
24 silly get     'x-cache-hits': '0',
24 silly get     'x-timer': 'S1504826137.764207,VS0,VE167',
24 silly get     vary: 'Accept-Encoding, Accept' } ]
25 verbose get saving react-redux to /Users/zhangsan/.npm/registry.npmjs.org/react-redux/.cache.json
26 verbose correctMkdir /Users/zhangsan/.npm correctMkdir not in flight; initializing
27 silly install normalizeTree
28 silly loadCurrentTree Finishing
29 silly loadIdealTree Starting
30 silly install loadIdealTree
31 silly cloneCurrentTree Starting
32 silly install cloneCurrentTreeToIdealTree
33 silly cloneCurrentTree Finishing
34 silly loadShrinkwrap Starting
35 silly install loadShrinkwrap
36 silly loadShrinkwrap Finishing
37 silly loadAllDepsIntoIdealTree Starting
38 silly install loadAllDepsIntoIdealTree
39 silly rollbackFailedOptional Starting
40 silly rollbackFailedOptional Finishing
41 silly runTopLevelLifecycles Finishing
42 silly install printInstalled
43 verbose stack Error: Refusing to install react-redux as a dependency of itself
43 verbose stack     at checkSelf (/usr/local/lib/node_modules/npm3/node_modules/npm/lib/install/validate-args.js:53:14)
43 verbose stack     at Array.<anonymous> (/usr/local/lib/node_modules/npm3/node_modules/npm/node_modules/slide/lib/bind-actor.js:15:8)
43 verbose stack     at LOOP (/usr/local/lib/node_modules/npm3/node_modules/npm/node_modules/slide/lib/chain.js:15:14)
43 verbose stack     at chain (/usr/local/lib/node_modules/npm3/node_modules/npm/node_modules/slide/lib/chain.js:20:5)
43 verbose stack     at /usr/local/lib/node_modules/npm3/node_modules/npm/lib/install/validate-args.js:16:5
43 verbose stack     at /usr/local/lib/node_modules/npm3/node_modules/npm/node_modules/slide/lib/async-map.js:52:35
43 verbose stack     at Array.forEach (<anonymous>)
43 verbose stack     at /usr/local/lib/node_modules/npm3/node_modules/npm/node_modules/slide/lib/async-map.js:52:11
43 verbose stack     at Array.forEach (<anonymous>)
43 verbose stack     at asyncMap (/usr/local/lib/node_modules/npm3/node_modules/npm/node_modules/slide/lib/async-map.js:51:8)
44 verbose cwd /Users/zhangsan/react-redux
45 error Darwin 15.6.0
46 error argv "/usr/local/bin/node" "/usr/local/lib/node_modules/npm3/node_modules/npm/cli.js" "i" "--save" "react-redux"
47 error node v8.4.0
48 error npm  v3.10.8
49 error code ENOSELF
50 error Refusing to install react-redux as a dependency of itself
51 error If you need help, you may report this error at:
51 error     <https://github.com/npm/npm/issues>
52 verbose exit [ 1, true ]
